Connecting to database specified by database.yml
  [1m[36m (204.9ms)[0m  [1mCREATE TABLE `schema_migrations` (`version` varchar(255) NOT NULL) ENGINE=InnoDB[0m
  [1m[35m (243.1ms)[0m  CREATE UNIQUE INDEX `unique_schema_migrations` ON `schema_migrations` (`version`)
  [1m[36m (0.3ms)[0m  [1mSELECT `schema_migrations`.`version` FROM `schema_migrations` [0m


Started GET "/assets/rails.png" for 127.0.0.1 at 2013-12-18 09:40:47 +0700
Connecting to database specified by database.yml
Served asset /rails.png - 200 OK (2ms)
Connecting to database specified by database.yml
Connecting to database specified by database.yml
Connecting to database specified by database.yml
Connecting to database specified by database.yml


Started GET "/assets/rails.png" for 127.0.0.1 at 2013-12-18 18:06:01 +0700
Connecting to database specified by database.yml
Served asset /rails.png - 304 Not Modified (26ms)


Started GET "/room" for 127.0.0.1 at 2013-12-18 18:06:07 +0700

ActionController::RoutingError (No route matches [GET] "/room"):
  actionpack (3.2.16) lib/action_dispatch/middleware/debug_exceptions.rb:21:in `call'
  actionpack (3.2.16) lib/action_dispatch/middleware/show_exceptions.rb:56:in `call'
  railties (3.2.16) lib/rails/rack/logger.rb:32:in `call_app'
  railties (3.2.16) lib/rails/rack/logger.rb:16:in `block in call'
  activesupport (3.2.16) lib/active_support/tagged_logging.rb:22:in `tagged'
  railties (3.2.16) lib/rails/rack/logger.rb:16:in `call'
  actionpack (3.2.16) lib/action_dispatch/middleware/request_id.rb:22:in `call'
  rack (1.4.5) lib/rack/methodoverride.rb:21:in `call'
  rack (1.4.5) lib/rack/runtime.rb:17:in `call'
  activesupport (3.2.16) lib/active_support/cache/strategy/local_cache.rb:72:in `call'
  rack (1.4.5) lib/rack/lock.rb:15:in `call'
  actionpack (3.2.16) lib/action_dispatch/middleware/static.rb:63:in `call'
  railties (3.2.16) lib/rails/engine.rb:484:in `call'
  railties (3.2.16) lib/rails/application.rb:231:in `call'
  rack (1.4.5) lib/rack/content_length.rb:14:in `call'
  railties (3.2.16) lib/rails/rack/log_tailer.rb:17:in `call'
  rack (1.4.5) lib/rack/handler/webrick.rb:59:in `service'
  /home/yuda/.rvm/rubies/ruby-2.0.0-p353/lib/ruby/2.0.0/webrick/httpserver.rb:138:in `service'
  /home/yuda/.rvm/rubies/ruby-2.0.0-p353/lib/ruby/2.0.0/webrick/httpserver.rb:94:in `run'
  /home/yuda/.rvm/rubies/ruby-2.0.0-p353/lib/ruby/2.0.0/webrick/server.rb:295:in `block in start_thread'


  Rendered /home/yuda/.rvm/gems/ruby-2.0.0-p353/gems/actionpack-3.2.16/lib/action_dispatch/middleware/templates/rescues/routing_error.erb within rescues/layout (11.3ms)


Started GET "/rooms" for 127.0.0.1 at 2013-12-18 18:06:10 +0700
Processing by RoomsController#index as HTML
  [1m[36mRoom Load (0.3ms)[0m  [1mSELECT `rooms`.* FROM `rooms` [0m
  Rendered rooms/index.html.erb within layouts/application (7.7ms)
Compiled rooms.css  (63ms)  (pid 4999)
Compiled scaffolds.css  (7ms)  (pid 4999)
Compiled application.css  (75ms)  (pid 4999)
Compiled jquery.js  (3ms)  (pid 4999)
Compiled jquery_ujs.js  (0ms)  (pid 4999)
Compiled rooms.js  (297ms)  (pid 4999)
Compiled application.js  (355ms)  (pid 4999)
Completed 200 OK in 514.9ms (Views: 484.8ms | ActiveRecord: 1.7ms)


Started GET "/assets/rooms.css?body=1" for 127.0.0.1 at 2013-12-18 18:06:11 +0700
Served asset /rooms.css - 200 OK (3ms)


Started GET "/assets/application.css?body=1" for 127.0.0.1 at 2013-12-18 18:06:11 +0700
Served asset /application.css - 200 OK (2ms)


Started GET "/assets/scaffolds.css?body=1" for 127.0.0.1 at 2013-12-18 18:06:11 +0700
Served asset /scaffolds.css - 200 OK (2ms)


Started GET "/assets/jquery.js?body=1" for 127.0.0.1 at 2013-12-18 18:06:11 +0700
Served asset /jquery.js - 200 OK (36ms)


Started GET "/assets/application.js?body=1" for 127.0.0.1 at 2013-12-18 18:06:11 +0700
Served asset /application.js - 200 OK (13ms)


Started GET "/assets/jquery_ujs.js?body=1" for 127.0.0.1 at 2013-12-18 18:06:11 +0700
Served asset /jquery_ujs.js - 200 OK (1ms)


Started GET "/assets/rooms.js?body=1" for 127.0.0.1 at 2013-12-18 18:06:11 +0700
Served asset /rooms.js - 200 OK (1ms)


Started GET "/rooms/1" for 127.0.0.1 at 2013-12-18 18:06:21 +0700
Processing by RoomsController#show as HTML
  Parameters: {"id"=>"1"}
  [1m[35mRoom Load (0.5ms)[0m  SELECT `rooms`.* FROM `rooms` WHERE `rooms`.`id` = 1 LIMIT 1
  Rendered rooms/show.html.erb within layouts/application (1.9ms)
Completed 200 OK in 13.7ms (Views: 9.7ms | ActiveRecord: 0.5ms)


Started GET "/rooms" for 127.0.0.1 at 2013-12-18 18:08:58 +0700
Processing by RoomsController#index as HTML
  [1m[36mRoom Load (0.4ms)[0m  [1mSELECT `rooms`.* FROM `rooms` [0m
  Rendered rooms/index.html.erb within layouts/application (6.5ms)
Completed 200 OK in 13.3ms (Views: 10.6ms | ActiveRecord: 0.4ms)


Started GET "/assets/application.css?body=1" for 127.0.0.1 at 2013-12-18 18:08:58 +0700
Served asset /application.css - 304 Not Modified (4ms)


Started GET "/assets/jquery.js?body=1" for 127.0.0.1 at 2013-12-18 18:08:58 +0700
Served asset /jquery.js - 304 Not Modified (2ms)


Started GET "/assets/rooms.css?body=1" for 127.0.0.1 at 2013-12-18 18:08:58 +0700
Served asset /rooms.css - 304 Not Modified (0ms)


Started GET "/assets/scaffolds.css?body=1" for 127.0.0.1 at 2013-12-18 18:08:58 +0700
Served asset /scaffolds.css - 304 Not Modified (0ms)


Started GET "/assets/rooms.js?body=1" for 127.0.0.1 at 2013-12-18 18:08:58 +0700
Served asset /rooms.js - 304 Not Modified (0ms)


Started GET "/assets/jquery_ujs.js?body=1" for 127.0.0.1 at 2013-12-18 18:08:58 +0700
Served asset /jquery_ujs.js - 304 Not Modified (0ms)


Started GET "/assets/application.js?body=1" for 127.0.0.1 at 2013-12-18 18:08:58 +0700
Served asset /application.js - 304 Not Modified (2ms)


Started GET "/rooms" for 127.0.0.1 at 2013-12-18 18:23:03 +0700
Processing by RoomsController#index as HTML
  [1m[35mRoom Load (0.2ms)[0m  SELECT `rooms`.* FROM `rooms` 
  Rendered rooms/index.html.erb within layouts/application (2.9ms)
Completed 200 OK in 7.2ms (Views: 5.9ms | ActiveRecord: 0.2ms)


Started GET "/assets/application.css?body=1" for 127.0.0.1 at 2013-12-18 18:23:03 +0700
Served asset /application.css - 304 Not Modified (7ms)


Started GET "/assets/rooms.css?body=1" for 127.0.0.1 at 2013-12-18 18:23:03 +0700
Served asset /rooms.css - 304 Not Modified (0ms)


Started GET "/assets/jquery.js?body=1" for 127.0.0.1 at 2013-12-18 18:23:03 +0700
Served asset /jquery.js - 304 Not Modified (1ms)


Started GET "/assets/jquery_ujs.js?body=1" for 127.0.0.1 at 2013-12-18 18:23:03 +0700
Served asset /jquery_ujs.js - 304 Not Modified (0ms)


Started GET "/assets/scaffolds.css?body=1" for 127.0.0.1 at 2013-12-18 18:23:03 +0700
Served asset /scaffolds.css - 304 Not Modified (0ms)


Started GET "/assets/rooms.js?body=1" for 127.0.0.1 at 2013-12-18 18:23:03 +0700
Served asset /rooms.js - 304 Not Modified (0ms)


Started GET "/assets/application.js?body=1" for 127.0.0.1 at 2013-12-18 18:23:03 +0700
Served asset /application.js - 304 Not Modified (0ms)


Started GET "/rooms/1" for 127.0.0.1 at 2013-12-18 18:23:06 +0700
Processing by RoomsController#show as HTML
  Parameters: {"id"=>"1"}
  [1m[36mRoom Load (0.2ms)[0m  [1mSELECT `rooms`.* FROM `rooms` WHERE `rooms`.`id` = 1 LIMIT 1[0m
  Rendered rooms/show.html.erb within layouts/application (0.6ms)
Completed 200 OK in 6.1ms (Views: 4.6ms | ActiveRecord: 0.2ms)


Started GET "/assets/application.css?body=1" for 127.0.0.1 at 2013-12-18 18:23:06 +0700
Served asset /application.css - 304 Not Modified (5ms)


Started GET "/assets/rooms.css?body=1" for 127.0.0.1 at 2013-12-18 18:23:06 +0700
Served asset /rooms.css - 304 Not Modified (0ms)


Started GET "/assets/scaffolds.css?body=1" for 127.0.0.1 at 2013-12-18 18:23:06 +0700
Served asset /scaffolds.css - 304 Not Modified (0ms)


Started GET "/assets/jquery.js?body=1" for 127.0.0.1 at 2013-12-18 18:23:06 +0700
Served asset /jquery.js - 304 Not Modified (1ms)


Started GET "/assets/jquery_ujs.js?body=1" for 127.0.0.1 at 2013-12-18 18:23:06 +0700
Served asset /jquery_ujs.js - 304 Not Modified (0ms)


Started GET "/assets/rooms.js?body=1" for 127.0.0.1 at 2013-12-18 18:23:06 +0700
Served asset /rooms.js - 304 Not Modified (0ms)


Started GET "/assets/application.js?body=1" for 127.0.0.1 at 2013-12-18 18:23:06 +0700
Served asset /application.js - 304 Not Modified (2ms)


Started GET "/rooms/1/edit" for 127.0.0.1 at 2013-12-18 18:23:09 +0700
Processing by RoomsController#edit as HTML
  Parameters: {"id"=>"1"}
  [1m[35mRoom Load (0.3ms)[0m  SELECT `rooms`.* FROM `rooms` WHERE `rooms`.`id` = 1 LIMIT 1
  Rendered rooms/_form.html.erb (46.5ms)
  Rendered rooms/edit.html.erb within layouts/application (69.5ms)
Completed 200 OK in 76.6ms (Views: 73.6ms | ActiveRecord: 0.3ms)


Started GET "/assets/rooms.css?body=1" for 127.0.0.1 at 2013-12-18 18:23:09 +0700
Served asset /rooms.css - 304 Not Modified (4ms)


Started GET "/assets/application.css?body=1" for 127.0.0.1 at 2013-12-18 18:23:09 +0700
Served asset /application.css - 304 Not Modified (3ms)


Started GET "/assets/jquery_ujs.js?body=1" for 127.0.0.1 at 2013-12-18 18:23:09 +0700
Served asset /jquery_ujs.js - 304 Not Modified (0ms)


Started GET "/assets/scaffolds.css?body=1" for 127.0.0.1 at 2013-12-18 18:23:09 +0700
Served asset /scaffolds.css - 304 Not Modified (0ms)


Started GET "/assets/jquery.js?body=1" for 127.0.0.1 at 2013-12-18 18:23:09 +0700
Served asset /jquery.js - 304 Not Modified (1ms)


Started GET "/assets/rooms.js?body=1" for 127.0.0.1 at 2013-12-18 18:23:09 +0700
Served asset /rooms.js - 304 Not Modified (0ms)


Started GET "/assets/application.js?body=1" for 127.0.0.1 at 2013-12-18 18:23:09 +0700
Served asset /application.js - 304 Not Modified (2ms)


Started GET "/rooms.json" for 127.0.0.1 at 2013-12-18 18:42:06 +0700
Connecting to database specified by database.yml
Processing by RoomsController#index as JSON
  [1m[36mRoom Load (0.1ms)[0m  [1mSELECT `rooms`.* FROM `rooms` [0m
Completed 200 OK in 14.0ms (Views: 0.4ms | ActiveRecord: 1.3ms)


Started GET "/rooms" for 127.0.0.1 at 2013-12-18 18:42:15 +0700
Processing by RoomsController#index as HTML
  [1m[35mRoom Load (0.2ms)[0m  SELECT `rooms`.* FROM `rooms` 
  Rendered rooms/index.html.erb within layouts/application (3.8ms)
Completed 200 OK in 45.2ms (Views: 43.1ms | ActiveRecord: 0.2ms)


Started GET "/assets/application.css?body=1" for 127.0.0.1 at 2013-12-18 18:42:15 +0700
Served asset /application.css - 304 Not Modified (5ms)


Started GET "/assets/rooms.css?body=1" for 127.0.0.1 at 2013-12-18 18:42:15 +0700
Served asset /rooms.css - 304 Not Modified (2ms)


Started GET "/assets/scaffolds.css?body=1" for 127.0.0.1 at 2013-12-18 18:42:15 +0700
Served asset /scaffolds.css - 304 Not Modified (2ms)


Started GET "/assets/jquery.js?body=1" for 127.0.0.1 at 2013-12-18 18:42:15 +0700
Served asset /jquery.js - 304 Not Modified (4ms)


Started GET "/assets/jquery_ujs.js?body=1" for 127.0.0.1 at 2013-12-18 18:42:15 +0700
Served asset /jquery_ujs.js - 304 Not Modified (4ms)


Started GET "/assets/rooms.js?body=1" for 127.0.0.1 at 2013-12-18 18:42:15 +0700
Served asset /rooms.js - 304 Not Modified (1ms)


Started GET "/assets/application.js?body=1" for 127.0.0.1 at 2013-12-18 18:42:15 +0700
Served asset /application.js - 304 Not Modified (6ms)
Connecting to database specified by database.yml
  [1m[36m (0.3ms)[0m  [1mSELECT `schema_migrations`.`version` FROM `schema_migrations` [0m
Connecting to database specified by database.yml
Connecting to database specified by database.yml
  [1m[36m (0.3ms)[0m  [1mSELECT `schema_migrations`.`version` FROM `schema_migrations` [0m
Connecting to database specified by database.yml
Connecting to database specified by database.yml
  [1m[36m (422.0ms)[0m  [1mCREATE TABLE `schema_migrations` (`version` varchar(255) NOT NULL) ENGINE=InnoDB[0m
  [1m[35m (222.8ms)[0m  CREATE UNIQUE INDEX `unique_schema_migrations` ON `schema_migrations` (`version`)
  [1m[36m (0.3ms)[0m  [1mSELECT `schema_migrations`.`version` FROM `schema_migrations` [0m
Migrating to CreateUsers (20131224065604)
  [1m[35m (105.4ms)[0m  CREATE TABLE `users` (`id` int(11) DEFAULT NULL auto_increment PRIMARY KEY, `nik` varchar(255), `username` varchar(255), `password` varchar(255), `name` varchar(255), `email` varchar(255), `division_id` int(11), `level_id` int(11), `address` text, `telp` varchar(255), `status` int(11), `created_at` datetime NOT NULL, `updated_at` datetime NOT NULL) ENGINE=InnoDB
  [1m[36m (43.4ms)[0m  [1mINSERT INTO `schema_migrations` (`version`) VALUES ('20131224065604')[0m
  [1m[35m (0.3ms)[0m  SELECT `schema_migrations`.`version` FROM `schema_migrations` 
Connecting to database specified by database.yml
Connecting to database specified by database.yml


Started GET "/assets/rails.png" for 127.0.0.1 at 2013-12-24 16:08:39 +0700
Connecting to database specified by database.yml
Served asset /rails.png - 304 Not Modified (3ms)


Started GET "/users" for 127.0.0.1 at 2013-12-24 16:08:44 +0700
Processing by UsersController#index as HTML
  [1m[36mUser Load (0.4ms)[0m  [1mSELECT `users`.* FROM `users` [0m
  Rendered users/index.html.erb within layouts/application (38.0ms)
Compiled application.css  (0ms)  (pid 4837)
Compiled application.js  (2ms)  (pid 4837)
Completed 200 OK in 317.8ms (Views: 304.8ms | ActiveRecord: 2.1ms)


Started GET "/assets/application.css?body=1" for 127.0.0.1 at 2013-12-24 16:08:44 +0700
Served asset /application.css - 304 Not Modified (8ms)


Started GET "/assets/scaffolds.css?body=1" for 127.0.0.1 at 2013-12-24 16:08:44 +0700
Served asset /scaffolds.css - 304 Not Modified (5ms)


Started GET "/assets/application.js?body=1" for 127.0.0.1 at 2013-12-24 16:08:44 +0700
Served asset /application.js - 304 Not Modified (7ms)


Started GET "/assets/jquery_ujs.js?body=1" for 127.0.0.1 at 2013-12-24 16:08:44 +0700
Served asset /jquery_ujs.js - 304 Not Modified (3ms)


Started GET "/assets/jquery.js?body=1" for 127.0.0.1 at 2013-12-24 16:08:44 +0700
Served asset /jquery.js - 304 Not Modified (3ms)


Started GET "/users" for 127.0.0.1 at 2013-12-24 16:10:15 +0700
Processing by UsersController#index as HTML
  [1m[35mUser Load (0.1ms)[0m  SELECT `users`.* FROM `users` 
  Rendered users/index.html.erb within layouts/application (0.3ms)
Completed 200 OK in 7.9ms (Views: 4.3ms | ActiveRecord: 1.6ms)


Started GET "/assets/application.css?body=1" for 127.0.0.1 at 2013-12-24 16:10:15 +0700
Served asset /application.css - 304 Not Modified (5ms)


Started GET "/assets/scaffolds.css?body=1" for 127.0.0.1 at 2013-12-24 16:10:15 +0700
Served asset /scaffolds.css - 304 Not Modified (0ms)


Started GET "/assets/application.js?body=1" for 127.0.0.1 at 2013-12-24 16:10:15 +0700
Served asset /application.js - 304 Not Modified (1ms)


Started GET "/assets/jquery.js?body=1" for 127.0.0.1 at 2013-12-24 16:10:15 +0700
Served asset /jquery.js - 304 Not Modified (1ms)


Started GET "/assets/jquery_ujs.js?body=1" for 127.0.0.1 at 2013-12-24 16:10:15 +0700
Served asset /jquery_ujs.js - 304 Not Modified (0ms)
Connecting to database specified by database.yml
